0.20155   0.219193   0.204453
0.0485466   0.14989   0.0430961
-0.094368   -0.181765   -0.182694
-0.11671   0.206113   0.420927
0.43485   -0.443727   0.41838
0.0876762   0.200092   -0.405986
-0.428824   -0.120638   -0.291797
-0.145969   0.154805   -0.362627
-0.436051   -0.44015   -0.174043
-0.0151858   -0.0771396   -0.0216101
-0.316953   0.333268   -0.000470083
-0.0296569   -0.16791   -0.464548
0.1616   -0.177165   -0.279436
0.432069   0.160931   -0.189075
-0.155326   -0.0511182   0.131993
-0.157924   0.472646   0.105691
-0.259799   -0.303236   -0.22125
-0.0421815   -0.376036   -0.0846863
0.348466   0.217941   -0.410777
0.24681   0.293667   -0.219333
-0.440244   0.232836   -0.388681
0.0599143   0.416009   -0.379027
-0.361062   0.391573   0.263078
-0.080527   0.151246   0.193912
0.050925   -0.0556424   0.357007
-0.379791   -0.291047   0.363454
-0.414981   0.355738   0.447349
-0.428955   0.0370046   -0.122761
-0.182034   0.294256   -0.188746
-0.460148   -0.250406   -0.438709
0.234084   0.210821   -0.00660351
0.0537222   0.350806   0.273479
0.0297731   -0.019963   -0.285409
0.301237   -0.06745   0.11431
0.400973   -0.362113   -0.330852
0.394662   -0.0621388   -0.165064
-0.25901   0.318673   -0.420476
0.320003   -0.196619   -0.0205466
0.381916   0.262015   0.105655
0.434478   0.306812   -0.0654189
-0.187653   -0.357195   0.378644
0.0683508   0.380447   -0.167735
-0.120972   -0.25657   0.0679337
-0.394648   -0.0495019   -0.48589
0.156772   -0.220833   0.236211
0.0154791   -0.302619   -0.306443
0.440107   0.352257   -0.272185
-0.114875   -0.469129   -0.285419
0.152764   0.316208   0.448608
0.210554   -0.417927   -0.416686
0.363139   -0.166279   -0.384273
0.17745   -0.0125884   -0.0808773
0.428488   0.0698471   0.394434
-0.225109   -0.467371   -0.102423
-0.242379   -0.0969914   -0.0615014
0.234119   -0.110994   0.458729
0.0537691   0.363183   0.0583727
0.30455   0.415134   -0.493734
-0.328438   0.41878   -0.281257
-0.253377   -0.262474   0.201951
0.169753   -0.463448   -0.184235
-0.341748   -0.467729   0.100794
-0.0501949   -0.22887   0.320073
0.219363   0.406719   0.158129
0.0602876   -0.0344175   0.15031
0.272816   -9.2633e-05   0.290945
-0.279786   0.210505   0.169431
-0.154703   0.0128259   0.334512
0.00881169   0.176522   -0.150744
0.409587   0.423336   0.240655
-0.120721   0.260431   0.0035312
-0.00865599   0.0372365   -0.476697
0.200622   -0.488698   0.352906
0.352773   -0.24219   0.236478
-0.139996   0.380026   0.29488
0.465736   0.0236081   0.196785
0.36574   -0.415052   -0.14051
0.139321   -0.258271   -0.0982596
0.233118   0.00434344   -0.277786
-0.366232   0.219934   -0.174742
0.130332   -0.42884   0.0475239
-0.253273   0.0987738   -0.030747
0.367416   0.0694647   0.0199515
-0.284206   0.142269   0.473685
-0.117494   0.432881   0.492777
0.280882   0.432872   -0.0258227
-0.337536   0.0674356   -0.324788
-0.221483   -0.167206   -0.404053
0.436318   -0.115691   0.392291
-0.495299   0.416569   0.0649711
-0.391709   0.0865367   0.314417
-0.46515   -0.255727   -0.141486
0.339085   0.279517   0.343946
0.420146   0.0472741   -0.350035
0.253528   -0.313291   0.442395
0.0603489   0.149547   0.36907
-0.488417   0.492719   -0.40952
-0.440049   0.167288   0.0428953
-0.32288   -0.273515   0.0158939
0.498543   -0.272482   0.118759
0.0360465   -0.433099   0.222087
0.221023   0.126118   0.463485
0.494373   -0.10185   -0.00845375
-0.167498   0.0560587   -0.19671
0.359815   -0.423576   0.094346
0.0225112   -0.440941   0.452393
-0.285338   -0.470887   -0.458722
-0.241571   -0.142393   0.404385
