-0.490549   0.499874   0.48695
-0.315665   -0.341853   0.49845
-0.491061   -0.336086   -0.358145
-0.333976   0.499975   -0.335282
-0.142576   0.496581   -0.471768
0.00288217   -0.34208   -0.487974
-0.153559   -0.338055   -0.319832
0.00299936   0.490566   -0.323331
0.160656   0.48713   -0.489559
0.323859   -0.341397   0.489587
0.155647   -0.325917   -0.340908
0.345166   -0.49319   -0.348787
0.493349   -0.166036   0.488235
-0.334924   0.00101621   -0.481503
-0.483089   0.00238092   -0.341255
-0.322088   -0.166793   -0.344115
-0.175767   -0.166047   0.478919
0.00731298   -0.00992052   0.497862
-0.175888   0.00265918   -0.31694
-0.00873403   -0.170284   -0.326044
0.172741   -0.16011   -0.499108
0.331329   0.014598   0.487733
0.164192   -0.00792627   -0.33039
0.329799   -0.163822   -0.343017
0.493381   0.161318   -0.490247
-0.327937   0.327616   -0.495521
0.493987   0.343388   -0.337074
-0.339109   0.162461   -0.331818
-0.159329   0.152437   -0.477546
0.00640845   0.326268   0.488313
-0.165403   0.345951   -0.30934
0.0167673   0.170582   -0.329465
0.160915   0.178546   0.499812
0.321344   0.336988   0.48482
0.159092   0.336327   -0.339605
0.33286   0.161821   -0.342226
0.495317   -0.493866   -0.151595
-0.338463   -0.327479   -0.156529
-0.495499   -0.331023   0.00381379
-0.332497   -0.485727   -0.0145402
-0.144715   0.492042   -0.160002
0.00222034   -0.32629   -0.147546
-0.161624   -0.35321   0.00726221
0.00569465   0.480974   0.00588846
0.158777   -0.47323   -0.169929
0.3166   -0.320327   -0.168412
0.149889   -0.310257   0.00869012
0.321892   -0.474466   -0.0117855
0.490846   -0.176519   -0.190364
-0.338984   0.00850151   -0.158565
0.497887   -0.0172941   -0.00607153
-0.337103   -0.166731   0.0172298
-0.182895   -0.183496   -0.163399
-0.00333149   -0.000560553   -0.146971
-0.177734   -0.00830248   -0.00778942
-0.0216082   -0.155622   0.0112083
0.157195   -0.161149   -0.179146
0.336235   -0.00205655   -0.170826
0.17226   -0.019213   -0.0125978
0.33815   -0.163114   -0.0107918
0.484873   0.158634   -0.162844
-0.345878   0.331988   -0.153111
0.491051   0.332165   0.00729471
-0.339764   0.170198   0.0137906
-0.160809   0.159014   -0.173387
0.0219529   0.317864   -0.158336
-0.160467   0.330424   -0.00249464
-0.00653799   0.161782   0.0120373
0.170935   0.164597   -0.161504
0.329305   0.345057   -0.180232
0.169804   0.332822   0.00312138
0.347367   0.162542   0.0126091
-0.490303   0.493885   0.15433
-0.325044   -0.342718   0.167284
-0.492607   -0.325272   0.320026
-0.325923   -0.496235   0.327647
-0.175011   0.471531   0.16528
-0.00586209   -0.35829   0.152547
-0.154239   -0.332612   0.327582
-0.00544127   0.498924   0.331456
0.170141   -0.489606   0.1588
0.344016   -0.312328   0.166796
0.166237   -0.313475   0.332246
0.324418   -0.485914   0.327323
0.492772   -0.149536   0.170674
-0.323316   0.0145681   0.173721
-0.487435   0.00788122   0.345125
-0.338319   -0.172367   0.33821
-0.161967   -0.176863   0.190618
-0.0186374   0.00827512   0.168981
-0.157913   -0.00820159   0.335877
0.0119217   -0.148803   0.338296
0.151242   -0.150175   0.173401
0.326966   0.00356403   0.151599
0.166256   -0.00666337   0.319365
0.325556   -0.163038   0.327314
-0.491028   0.158726   0.166531
-0.340057   0.334805   0.163875
-0.474274   0.325466   0.332238
-0.332362   0.145865   0.346743
-0.17475   0.177028   0.18072
0.00807673   0.329197   0.179452
-0.179259   0.332519   0.338768
-0.0118149   0.165571   0.321698
0.170091   0.159706   0.151471
0.333239   0.349001   0.158051
0.171424   0.306719   0.31176
0.337834   0.181232   0.310138
