-0.375904   -0.422253   0.349623
-0.0363545   -0.24423   0.233377
0.127791   -0.21423   -0.318617
-0.0876204   0.286886   -0.207036
0.0917019   -0.260967   -0.218938
-0.142966   -0.427007   -0.28496
0.415712   -0.188607   0.263212
0.372996   -0.0129787   0.358149
0.462648   0.328555   -0.496697
0.435545   0.466939   0.355358
-0.247241   0.151206   -0.155965
-0.416476   -0.184531   -0.0903908
-0.191343   -0.312141   -0.364362
-0.368336   0.471618   -0.390507
0.0420531   0.303066   0.274581
0.124589   -0.407174   -0.060519
0.423179   -0.295016   0.0924568
-0.313263   -0.00517687   0.250547
0.376246   -0.185966   0.381343
0.208552   0.266372   0.322201
-0.136703   -0.4194   0.419203
-0.0510967   0.10131   -0.297512
0.0599646   0.250152   0.384819
0.176563   -0.465636   0.28097
0.493686   -0.0330334   -0.184069
0.261393   -0.171135   -0.460564
-0.300423   0.121854   -0.419098
-0.473965   -0.108968   0.00459302
0.296901   -0.00554979   0.0943208
0.179484   0.0159631   0.107036
-0.482689   0.463436   -0.0649285
0.16119   0.40219   -0.358161
-0.452296   -0.471918   0.38207
0.404721   -0.171893   -0.341527
-0.355912   -0.475002   -0.00661398
-0.259465   -0.223483   -0.280266
0.242804   -0.11881   0.30889
0.493164   -0.0646095   -0.262535
-0.0238964   0.456192   -0.208372
0.0402855   0.264535   -0.0837019
0.334374   -0.445887   0.388499
0.275889   -0.145069   0.451122
-0.158408   0.07667   0.118924
0.0907896   -0.328516   -0.058986
-0.247302   0.459827   -0.129595
0.168514   -0.0759061   0.291517
-0.0212059   0.4234   -0.0227492
0.02248   0.492631   0.258803
-0.113903   0.214684   0.185182
0.128674   -0.471358   0.343349
0.361768   -0.153988   0.460857
-0.318648   0.426431   -0.319322
0.281786   0.460946   0.33235
0.29305   0.0971594   0.395883
-0.147479   -0.227418   -0.139591
0.326955   -0.325002   0.128405
-0.391956   0.460253   -0.268552
-0.351877   -0.0583843   -0.386957
-0.470564   0.127545   0.410343
-0.35379   -0.430443   0.25125
-0.410617   -0.496506   0.261915
0.497038   -0.394981   0.137042
-0.0409496   -0.407872   0.0699738
0.412822   -0.230443   0.460664
-0.110214   -0.160862   0.446634
0.0911707   -0.455992   -0.128068
-0.0363969   -0.227248   0.36793
-0.0763421   -0.313342   0.0317929
-0.185461   -0.381522   -0.427764
-0.414386   0.0499977   0.351611
-0.443162   -0.422513   0.207945
-0.282816   -0.192557   -0.432474
0.227941   -0.0692081   0.0789277
-0.244541   0.422577   0.211025
0.320619   0.153002   0.332843
-0.229339   -0.348611   -0.211094
0.152983   0.239078   -0.395754
0.424071   0.415254   0.460655
-0.0322627   0.0718653   0.0908817
0.409716   -0.189251   -0.170193
0.0329248   -0.0646252   0.196708
0.266088   -0.336124   0.0565477
-0.493982   0.21472   -0.174624
0.33185   -0.154828   0.247374
0.171343   -0.177987   0.0128429
0.100052   0.095812   0.0246925
0.230292   -0.363851   -0.146801
0.159726   0.192469   0.253353
-0.0139746   0.225765   0.232628
-0.398807   0.387842   0.282121
0.0702248   -0.350217   -0.303531
-0.27091   -0.335627   -0.379243
-0.391255   -0.41904   -0.313859
0.152986   0.223071   -0.027444
0.097898   0.402516   -0.241874
0.412057   -0.497932   -0.24053
0.114834   0.261081   0.224341
0.483447   -0.173444   0.168546
0.194501   0.351693   -0.424849
-0.103896   0.102895   0.19595
0.249489   0.106566   -0.152674
0.313263   -0.270374   0.220625
-0.322177   0.261411   -0.174626
0.328883   -0.422262   0.291209
-0.347063   -0.255473   0.476451
0.360308   0.46785   0.272792
0.189039   0.304762   0.396869
0.168621   0.12433   0.284376
