-1.23309   -1.4837   -0.908535
-1.65265   -0.909137   0.0185591
0.129175   -0.171316   0.086352
0.134298   -0.521513   -0.13993
0.274214   -0.800774   1.38641
-0.574954   1.00293   -0.912187
0.224507   -0.358075   0.96698
-0.546054   -2.04524   0.275216
-0.233616   -0.31272   0.851312
-0.408142   -0.136514   0.385562
1.16571   0.386481   -0.733024
-0.321687   1.38006   0.431596
-0.9359   0.517106   -0.100088
0.0923797   -2.60825   0.191208
1.43721   -1.15072   1.11129
-0.107451   -0.696177   0.265769
1.89527   0.53527   0.59058
-0.0954656   -3.59647   0.3839
-0.39227   2.11449   1.08663
-0.12125   -1.05639   0.224187
-0.63497   -1.05457   0.507352
1.89496   -0.844757   0.50519
0.421892   -0.445764   -0.326341
0.392822   1.79957   -0.961356
1.90604   0.756694   -0.228846
-0.922959   1.74488   0.684352
0.10794   -0.889646   -2.2057
-0.673615   1.46106   -0.803139
-0.442453   0.949332   -0.123141
0.822028   -2.10949   -0.5828
-0.899655   -0.993642   1.19287
-0.146811   0.640418   1.86928
1.66581   0.541024   -1.11259
-0.400484   0.00733102   -0.252227
-0.388845   -0.384161   -0.679532
-0.366182   -1.30821   -0.662715
-2.44496   -0.257072   0.591248
0.468266   1.91371   0.853995
-0.633856   0.46561   0.40028
0.771185   -0.186237   1.26884
-0.361105   0.924782   0.322774
0.899333   -0.310523   0.452029
-1.3451   1.26223   1.44415
-1.36818   -1.03567   -0.193557
-0.947042   -0.435889   0.932938
1.30387   0.539039   -0.325749
-0.572697   -1.1259   -0.625961
1.82506   -0.454239   -1.26946
-0.162472   -0.173284   -1.59071
-2.24452   -0.121292   -1.83613
1.51606   0.41812   1.00766
0.744567   1.43082   0.609255
-1.16037   1.22351   0.565619
1.06174   -0.214808   0.253766
0.52893   0.124331   -0.698712
0.0594899   -0.645234   -0.254591
0.215337   -1.28832   -0.992649
-0.320571   -0.2787   -0.814955
-0.0546323   0.54569   0.980467
2.84023   -1.46869   0.0253506
-1.27053   -1.27959   0.29567
1.05874   -0.325014   0.0477486
-0.852686   0.936113   0.340505
1.68043   1.97134   -2.39528
-0.383637   -0.702593   -1.34114
0.427262   -0.260217   0.405894
0.822972   0.69641   0.232965
-0.195016   -1.0072   0.152238
1.483   -0.520748   0.789185
-1.50681   -0.583153   -1.42253
0.435116   1.11523   0.831633
1.41626   0.203356   0.341655
-1.07171   0.532227   -1.10578
0.0143347   -0.246719   -1.11369
0.0997681   0.941925   -0.0672526
0.889234   0.544486   -0.194995
-1.63538   0.0970376   -0.611402
0.960529   0.839342   1.54499
-0.138267   2.44148   0.0928816
0.491214   0.275149   -0.590613
0.40844   0.342977   0.555845
-1.41224   1.24632   0.353329
1.43248   -0.12678   0.8819
0.591217   1.14346   0.369057
0.193946   0.477379   0.211813
-1.62816   0.714273   -0.0785616
-0.292369   1.45427   -0.370883
1.01368   -0.537861   -0.947248
-0.437747   0.666575   -0.936776
0.354517   0.137976   0.616073
0.757851   0.358285   0.572875
1.8861   -0.476513   0.734505
-1.18781   1.8338   -0.0352723
0.535284   -0.505834   0.471277
-0.301065   0.148041   -0.468276
0.629037   0.387092   0.0140363
0.861448   -0.615221   -0.798959
-0.68655   1.00065   0.436753
-0.272702   -0.617933   0.310106
1.32383   -1.52297   -1.10192
-0.909398   1.36057   1.73214
-1.37969   -1.13824   -0.128787
-2.49173   -0.541863   -1.6194
1.03705   0.11054   -1.38872
-1.2159   0.769793   -1.05568
-2.79567   -1.4296   1.34921
-0.958386   -0.0586098   0.299364
0.535411   -1.06085   0.401189
