0.21693   -0.313925   -0.728073
0.676679   1.28123   -0.21878
0.673837   -0.663723   0.602225
0.786056   -0.967219   0.540872
-2.32729   0.479663   -0.306246
0.793724   0.363738   0.381202
0.463362   0.417666   -0.743078
0.954146   -1.80099   -3.94833
-0.00797222   0.37805   -0.281895
1.21271   0.86027   -0.927512
0.161428   0.969799   -1.64487
1.07622   -0.0230373   0.282902
-1.01947   -0.574704   0.748621
2.45411   -0.110755   -0.443514
-0.300859   -2.3805   -1.05026
-0.0122696   0.521083   -0.265425
-0.544171   0.283367   0.701755
-1.62384   -2.19642   -0.97742
-0.401549   -1.37914   -0.593336
0.0673964   0.919916   1.02252
-0.305902   1.01414   1.18705
0.967347   -3.14025   0.212852
-0.540475   1.97368   2.11915
0.232325   -0.422376   -0.439551
0.926654   0.698951   2.39272
-1.76117   1.97875   1.13299
-1.46709   -0.622342   -1.32759
1.86695   -2.19267   -0.551442
-0.00265507   -1.56754   -0.832355
0.573652   -0.0411684   1.20714
-0.737007   1.38742   -1.82425
-1.02731   0.691427   -0.357127
-0.45225   -1.58964   -0.905447
-2.49732   1.26968   -1.30283
-1.42956   2.10258   2.22305
-0.395874   0.32091   -0.13066
-0.708264   0.141527   0.463812
0.828225   1.11049   0.850061
1.53244   0.921296   0.303818
-0.591682   -0.38563   0.37279
0.33909   1.79752   -0.00598128
1.4193   1.45772   0.684316
-0.465679   -0.869619   0.304564
0.836422   2.10656   -0.111371
-0.453651   0.202004   0.945634
2.66345   -0.598867   -0.571509
-1.54651   2.28591   0.623324
1.34038   -1.37404   1.94834
-2.71567   0.379903   -1.9552
2.09005   0.305539   0.897073
-0.917656   -0.776057   -0.878744
-1.01539   0.391028   -0.691359
2.36501   -1.23228   0.411561
-0.838638   -0.376445   -1.16232
-0.316441   -0.0701391   -0.222476
1.7702   0.832008   0.640762
-0.694446   -0.462359   0.216175
-1.39113   -0.424503   1.26106
0.750344   -0.145937   1.60457
-0.10511   -0.413633   -0.695882
-1.33886   1.47966   -1.42617
0.0907601   1.93923   -0.978905
0.0350522   2.04132   -0.834752
-1.07886   -0.732311   -0.928746
1.88187   1.62913   -1.09883
-0.0264885   -1.12433   0.304508
1.29216   0.305665   -0.207163
-0.591081   0.183973   -0.489331
0.798201   -1.72579   -0.0418562
-0.867665   -0.311617   0.395022
0.190491   -0.0960839   -0.70605
2.18691   -1.13263   0.0627398
-0.182625   0.467543   -1.63504
-0.590992   -1.08388   1.02798
-0.42172   -0.148218   0.786016
-0.475074   -0.619836   0.662636
0.554293   0.169946   0.655428
-1.73915   -0.199559   -1.61459
-1.32743   -1.28356   0.717681
0.0178765   0.802699   0.232254
-1.80468   0.977448   -0.74399
-0.641135   0.0465076   -0.0608931
-0.732174   -0.615162   -0.841077
-0.556973   -0.238702   -0.565239
-1.08357   -2.29557   0.614692
1.4033   0.351987   -0.21909
-0.57144   0.220355   0.891249
-0.205649   1.05529   1.73185
0.966261   0.154992   -0.0745454
-0.81085   -0.442471   -1.66417
0.132075   -1.88528   0.968414
-1.08393   0.319335   0.82481
0.781029   1.07916   0.657538
1.14925   -0.359932   0.698115
1.26222   1.27522   0.406471
-1.00904   0.339267   -0.813087
1.45176   -0.0353719   -0.345176
0.0785124   -0.369143   -0.27925
0.317248   -0.978998   2.15355
-1.58556   -0.681129   1.14026
0.0658052   0.217435   2.25654
1.53521   -0.390323   -0.468072
-1.10566   0.105599   0.635867
0.401604   0.117673   -1.10079
3.60796   0.653704   -0.872247
-0.739203   -0.386403   0.690436
-0.842291   -0.132565   -1.47966
-0.211903   -1.3922   0.78658
