-0.468413   0.0169914   0.498589
-0.124848   0.0169481   1.5564
-0.89065   0.724536   1.60937
-1.27798   0.752931   -0.813718
-0.457273   -0.723275   0.262301
-0.33654   0.127188   1.18249
-0.83777   -0.362998   -0.859204
0.714074   -0.542159   -0.0838334
-0.972704   -0.111038   0.0974671
-1.00401   0.0872002   -0.232124
0.110956   -0.0258744   0.207188
0.406641   0.805325   0.152731
1.71319   1.01804   1.22056
-0.11369   0.200283   -0.212762
1.13754   0.482655   -0.0796076
0.840715   -0.106212   1.49157
-1.24394   0.0403548   -1.08559
1.13773   -0.966034   -0.0301753
-0.669995   1.81345   -0.527965
1.25587   0.192964   -0.702549
2.51805   0.828243   -0.397739
-0.8854   -0.895972   -2.29108
1.48854   -0.254303   -0.227414
0.681472   -1.34313   -1.27304
0.611836   -0.732453   -0.0544233
-0.285848   -0.986745   -0.924189
-0.462569   -0.561441   -1.16544
2.41454   -0.287916   0.452699
-0.27358   0.177117   0.555125
-0.166656   1.1713   0.0911515
-0.861846   0.0796921   0.503834
1.21795   -1.67134   1.26276
2.24677   0.459721   -0.418281
0.25685   -0.309669   -0.942845
1.07499   0.107461   -0.991335
-0.929335   -0.723162   0.151428
-0.235822   1.29959   1.22259
0.375243   0.389253   -1.05877
0.0389043   1.46689   -0.582099
0.220365   -0.30559   0.0663084
-0.665382   -0.899278   0.0365607
2.05194   -0.576829   0.303088
-0.318872   -1.72501   0.605107
-0.858462   -0.67423   0.189557
-0.589473   -0.792503   -0.817128
-0.599069   0.256825   0.437523
-0.245022   0.409616   -0.124222
-2.47896   -0.0979537   1.84621
-0.521507   0.0187885   -0.986735
0.605341   -2.30021   -0.080962
-1.71623   -0.13108   0.36194
-0.999917   1.80698   1.47943
-0.59662   1.17171   -1.16846
0.0431463   -0.418195   0.213854
-1.00912   0.427732   -0.66849
-0.242585   0.730133   -0.608577
1.80933   0.85687   -0.0584347
0.535338   -0.807777   -0.0513112
0.996313   -1.38285   0.481328
0.593959   -0.788424   -0.518398
-0.33215   -0.286036   -0.606579
0.785605   0.231081   -0.786947
1.18782   0.244745   0.488984
-1.00489   -0.107079   -0.321686
0.318763   0.729709   0.0675471
-1.35546   -2.28398   -0.266258
-0.164156   0.183595   0.705466
-0.119732   0.797564   0.549457
1.06197   0.474635   0.9153
0.638892   1.02287   -0.177651
-1.28516   0.609159   -1.47036
1.34364   -0.497187   0.036075
0.598172   -0.568024   0.742454
0.162238   -1.25312   1.52746
-1.00819   -1.46892   -1.06525
-1.10616   -0.484437   0.930611
0.249337   0.312847   1.62988
0.644044   2.04661   -0.311495
0.068028   -0.218996   -0.984124
0.451637   -0.431606   -0.081666
0.90166   -0.601029   0.988876
0.992987   0.688187   -0.15247
-1.0832   1.34139   -0.907634
-1.04356   0.561682   0.122618
-1.4906   0.904778   -0.47121
-0.220848   -0.590511   0.912792
1.13668   -0.676517   -0.0472228
-0.657392   0.381334   1.38971
1.52257   -0.341541   -0.109475
-1.12581   -0.546089   -0.489615
1.25778   2.02051   0.23806
-0.867837   0.666359   -0.266402
0.426975   -1.31273   0.682198
-1.25672   0.8791   -0.0225879
-1.31972   -1.28328   0.085477
1.01508   0.592691   -1.12151
-1.57189   0.635552   -0.623884
0.613941   0.45639   0.873299
1.5695   -0.770004   0.613502
-2.00676   0.828723   -0.462971
0.7677   -0.551846   0.534165
-1.3248   -1.19647   -0.740162
1.2305   -1.1632   -1.81131
-0.496362   1.15011   0.241949
-0.248343   -0.686182   0.930281
0.163762   2.20659   1.07276
-0.173275   -0.175076   -1.42113
-1.60375   1.0945   -0.0615643
